[2024-10-25 03:59:32 +08:00Z] [INFO] - 开始初始化 node 方法 
[2024-10-25 03:59:32 +08:00Z] [SUCCESS] - Socket Server is running... 
[2024-10-25 03:59:32 +08:00Z] [SUCCESS] - WS 服务初始化成功，连接地址：ws://localhost:9000 
[2024-10-25 03:59:32 +08:00Z] [SUCCESS] - Node Serve is running at http://localhost:5000. 
[2024-10-25 03:59:32 +08:00Z] [ERROR] - 数据库连接失败 ==> Error: ER_NOT_SUPPORTED_AUTH_MODE: Client does not support authentication protocol requested by server; consider upgrading MySQL client 
[2024-10-25 04:00:04 +08:00Z] [INFO] - SELECT * FROM users WHERE userid='1'&&password='c4ca4238a0b923820dcc509a6f75849b' 
[2024-10-25 04:45:34 +08:00Z] [INFO] - 开始初始化 node 方法 
[2024-10-25 04:45:34 +08:00Z] [SUCCESS] - Socket Server is running... 
[2024-10-25 04:45:34 +08:00Z] [SUCCESS] - WS 服务初始化成功，连接地址：ws://localhost:9000 
[2024-10-25 04:45:34 +08:00Z] [SUCCESS] - Node Serve is running at http://localhost:5000. 
[2024-10-25 04:45:34 +08:00Z] [ERROR] - 数据库连接失败 ==> Error: ER_NOT_SUPPORTED_AUTH_MODE: Client does not support authentication protocol requested by server; consider upgrading MySQL client 
[2024-10-25 06:40:29 +08:00Z] [INFO] - 开始初始化 node 方法 
[2024-10-25 06:40:29 +08:00Z] [SUCCESS] - Socket Server is running... 
[2024-10-25 06:40:29 +08:00Z] [SUCCESS] - WS 服务初始化成功，连接地址：ws://localhost:9000 
[2024-10-25 06:40:30 +08:00Z] [SUCCESS] - Node Serve is running at http://localhost:5000. 
[2024-10-25 06:40:30 +08:00Z] [INFO] - 连接数据库成功！ 
[2024-10-25 06:42:00 +08:00Z] [INFO] - SELECT * FROM users WHERE userid='1'&&password='c4ca4238a0b923820dcc509a6f75849b' 
[2024-10-25 06:42:00 +08:00Z] [DEBUG] - [status] 2002 [msg] 参数缺失 
[2024-10-25 06:42:15 +08:00Z] [INFO] - SELECT * FROM users WHERE userid='1' 
[2024-10-25 06:42:15 +08:00Z] [INFO] - INSERT INTO users(userid,username,userimg,password) VALUES('1','用户_Sjhqb','<svg xmlns="http://www.w3.org/2000/svg" viewBox="0 0 231 231"><path d="M33.83,33.83a115.5,115.5,0,1,1,0,163.34,115.49,115.49,0,0,1,0-163.34Z" style="fill:#0079b1;"/><path d="m115.5 51.75a63.75 63.75 0 0 0-10.5 126.63v14.09a115.5 115.5 0 0 0-53.729 19.027 115.5 115.5 0 0 0 128.46 0 115.5 115.5 0 0 0-53.729-19.029v-14.084a63.75 63.75 0 0 0 53.25-62.881 63.75 63.75 0 0 0-63.65-63.75 63.75 63.75 0 0 0-0.09961 0z" style="fill:#542e02;"/><path d="M61.11,205.59l3.49,3.69-6.26,6.6A115.45,115.45,0,0,0,72,222.51v-22a115.19,115.19,0,0,0-10.85,5.1Z" style="fill:#efedee;"/><path d="M93.24,228.85V199l-4-4A114.43,114.43,0,0,0,72,200.49v22a114.43,114.43,0,0,0,21.28,6.34Z" style="fill:#ec0033;"/><path d="m159 222.51v-22a114.63 114.63 0 0 0-17.25-5.51l-4 4v29.86a114.16 114.16 0 0 0 21.25-6.35z" style="fill:#ec0033;"/><path d="m169.89 205.59-3.49 3.69 6.26 6.6a115.45 115.45 0 0 1-13.66 6.63v-22a115.19 115.19 0 0 1 10.85 5.1z" style="fill:#efedee;"/><path d="M115.5,219.62A28.5,28.5,0,0,1,87.25,195c2.93-.74,5.92-1.36,8.94-1.87a19.41,19.41,0,0,0,38.62,0c3,.51,6,1.13,8.94,1.87a28.49,28.49,0,0,1-28.25,24.63Z" style="fill:#f2ff05;"/><path d="m32.902 67.662c-0.36295 1.7227-6.2342 30.695 5.6133 52.596 4.5843 8.4743 9.0081 13.239 12.75 15.893a67.7 67.7 0 0 1-3.4688-21.35 67.7 67.7 0 0 1 2.332-17.658c-4.4914-2.4646-10.868-6.9012-13.834-13.52-4.1626-9.285-3.6155-14.673-3.3926-15.961zm165.19 0c0.22292 1.2882 0.77005 6.6759-3.3926 15.961-2.9664 6.6183-9.3426 11.055-13.834 13.52a67.7 67.7 0 0 1 2.332 17.658 67.7 67.7 0 0 1-3.4688 21.35c3.7419-2.6532 8.1657-7.4183 12.75-15.893 11.847-21.9 5.9762-50.873 5.6133-52.596z" style="fill:#acfffd;"/><path d="m115.73 13.191c-7.3787-0.13351-13.509 5.7888-13.631 13.168-0.10128 5.8827 3.4508 10.518 8.0566 12.52 1.061 0.46115 2.1869 0.78009 3.3418 0.95703v8.4291c0.66778-0.02035 1.3358-0.03077 2.0039-0.03125 0.66547-9e-5 1.3309 0.0097 1.9961 0.0293v-8.4115c2.6002-0.38406 5.1586-1.5484 7.3086-3.625 4.2322-4.0878 4.9991-9.8755 3.1582-14.549-1.8407-4.6726-6.3502-8.3834-12.232-8.4863z" style="fill:#acfffd;"/><path d="m83.527 103.98v10h10v-10h-10zm53.945 0v10h10v-10h-10z" style="fill:#000;"/><path d="m56.621 94.906v11.688h5.3418v6.4922h5.3418v6.1055h5.3223v6.2324h26.846v-6.2324h5.3047v-6.1055h5.1445v-6.0039h11.154v6.0039h5.1446v6.1055h5.3066v6.2324h26.846v-6.2324h5.3203v-6.1055h5.3438v-6.4922h5.3418v-11.688z" style="fill:none;"/><path d="m67.387 100.65v5.9394h5.1992v-5.9394zm5.1992 5.9394v6.4922h5.4238v-6.4922zm5.4238 0h5.1992v-5.9394h-5.1992zm5.1992 0v6.4922h5.4258v-6.4922zm5.4258 6.4922v6.1055h5.1426v-6.1055zm-10.625 0v6.1055h5.1445v-6.1055zm48.281-12.432v5.9394h5.1992v-5.9394zm5.1992 5.9394v6.4922h5.4238v-6.4922zm5.4238 0h5.1992v-5.9394h-5.1992zm5.1992 0v6.4922h5.4258v-6.4922zm5.4258 6.4922v6.1055h5.1426v-6.1055zm-10.625 0v6.1055h5.1445v-6.1055z" style="fill:none;"/><path d="m94.19 136.84h42.632a3.7801 3.78 0 0 1 3.7802 3.78v3.22a15.231 15.23 0 0 1-15.211 15.16h-19.781a15.251 15.25 0 0 1-15.221-15.16v-3.22a3.8002 3.8 0 0 1 3.7802-3.78z" style="fill:#fff;stroke-linecap:round;stroke-linejoin:round;stroke-width:3px;stroke:#000;"/><path d="m130.96 136.84v21.16m-30.911-21.16v21.16m10.34-21.16v22.16m10.31-22.2v22.2" style="fill:none;stroke-linecap:round;stroke-linejoin:round;stroke-width:3px;stroke:#000;"/></svg>','c4ca4238a0b923820dcc509a6f75849b') 
[2024-10-25 06:42:15 +08:00Z] [DEBUG] - [status] 200 [msg] 用户注册成功 
[2024-10-25 06:42:23 +08:00Z] [INFO] - SELECT * FROM users WHERE userid='1'&&password='c4ca4238a0b923820dcc509a6f75849b' 
[2024-10-25 06:42:23 +08:00Z] [DEBUG] - [status] 200 [msg] 登录成功 
[2024-10-25 06:42:23 +08:00Z] [INFO] - SELECT * FROM files WHERE OWNER ='1' AND ISNULL(fileownerfolderid) AND state='1 ORDER BY filetype' 
[2024-10-25 06:42:23 +08:00Z] [INFO] - SELECT * FROM folders WHERE OWNER ='1' AND state=1 AND ISNULL(parentfolderid) 
[2024-10-25 06:42:23 +08:00Z] [DEBUG] - [status] 200 [msg] 查找成功 
[2024-10-25 06:42:55 +08:00Z] [INFO] - SELECT * FROM files WHERE state=1 AND  filename='md1' AND filetype='markdown' AND filesuffix='md' AND owner='1' 
[2024-10-25 06:42:55 +08:00Z] [INFO] - INSERT INTO files(fileid,filename,filetype,filesuffix,owner) 
         VALUES('25AF8WQa3MAenlLWytEi3','md1','markdown','md','1') 
[2024-10-25 06:42:55 +08:00Z] [DEBUG] - [status] 200 [msg] 文件创建成功 
[2024-10-25 06:42:59 +08:00Z] [INFO] - yjs 客户端连接 
[2024-10-25 06:42:59 +08:00Z] [INFO] - 用户连接... 
[2024-10-25 06:42:59 +08:00Z] [INFO] - SELECT * FROM files WHERE fileid='25AF8WQa3MAenlLWytEi3' AND OWNER ='1' 
[2024-10-25 06:42:59 +08:00Z] [DEBUG] - [status] 200 [msg] 文件查找成功 
[2024-10-25 06:42:59 +08:00Z] [INFO] - 用户加入房间 25AF8WQa3MAenlLWytEi3 
[2024-10-25 06:42:59 +08:00Z] [INFO] - SELECT versions.content FROM files,versions WHERE files.fileid='25AF8WQa3MAenlLWytEi3' AND files.currenthead=versions.vid 
[2024-10-25 06:42:59 +08:00Z] [DEBUG] - [status] 6003 [msg] 参数缺失 
[2024-10-25 06:43:41 +08:00Z] [WARN] - yjs 用户关闭连接 
[2024-10-25 09:17:19 +08:00Z] [INFO] - 开始初始化 node 方法 
[2024-10-25 09:17:19 +08:00Z] [SUCCESS] - Socket Server is running... 
[2024-10-25 09:17:19 +08:00Z] [SUCCESS] - WS 服务初始化成功，连接地址：ws://localhost:9000 
[2024-10-25 09:17:19 +08:00Z] [SUCCESS] - Node Serve is running at http://localhost:5000. 
[2024-10-25 09:17:19 +08:00Z] [INFO] - 连接数据库成功！ 
[2024-10-25 09:17:41 +08:00Z] [INFO] - SELECT * FROM users WHERE userid='1'&&password='c4ca4238a0b923820dcc509a6f75849b' 
[2024-10-25 09:17:41 +08:00Z] [DEBUG] - [status] 200 [msg] 登录成功 
[2024-10-25 09:17:41 +08:00Z] [INFO] - SELECT * FROM files WHERE OWNER ='1' AND ISNULL(fileownerfolderid) AND state='1 ORDER BY filetype' 
[2024-10-25 09:17:41 +08:00Z] [INFO] - SELECT * FROM folders WHERE OWNER ='1' AND state=1 AND ISNULL(parentfolderid) 
[2024-10-25 09:17:41 +08:00Z] [DEBUG] - [status] 200 [msg] 查找成功 
[2024-10-25 09:41:28 +08:00Z] [INFO] - SELECT * FROM files WHERE OWNER ='1' AND ISNULL(fileownerfolderid) AND state='1 ORDER BY filetype' 
[2024-10-25 09:41:28 +08:00Z] [INFO] - SELECT * FROM folders WHERE OWNER ='1' AND state=1 AND ISNULL(parentfolderid) 
[2024-10-25 09:41:28 +08:00Z] [DEBUG] - [status] 200 [msg] 查找成功 
[2024-10-25 09:41:32 +08:00Z] [INFO] - SELECT * FROM files WHERE OWNER ='1' AND ISNULL(fileownerfolderid) AND state='1 ORDER BY filetype' 
[2024-10-25 09:41:32 +08:00Z] [INFO] - SELECT * FROM folders WHERE OWNER ='1' AND state=1 AND ISNULL(parentfolderid) 
[2024-10-25 09:41:32 +08:00Z] [DEBUG] - [status] 200 [msg] 查找成功 
[2024-10-25 09:41:32 +08:00Z] [INFO] - SELECT *  FROM filestates AS fs,files AS fl 
    WHERE fs.editor='1' AND fl.fileid=fs.fileid 
[2024-10-25 09:41:32 +08:00Z] [DEBUG] - [status] 200 [msg] 查找成功 
[2024-10-25 09:41:33 +08:00Z] [INFO] - SELECT *  FROM filestates AS fs,files AS fl 
    WHERE fs.editor='1' AND fl.fileid=fs.fileid 
[2024-10-25 09:41:33 +08:00Z] [DEBUG] - [status] 200 [msg] 查找成功 
[2024-10-25 09:41:33 +08:00Z] [INFO] - SELECT * FROM files WHERE OWNER ='1' AND ISNULL(fileownerfolderid) AND state='1 ORDER BY filetype' 
[2024-10-25 09:41:33 +08:00Z] [INFO] - SELECT * FROM folders WHERE OWNER ='1' AND state=1 AND ISNULL(parentfolderid) 
[2024-10-25 09:41:33 +08:00Z] [DEBUG] - [status] 200 [msg] 查找成功 
[2024-10-25 09:41:36 +08:00Z] [INFO] - SELECT * FROM files WHERE OWNER ='1' AND ISNULL(fileownerfolderid) AND state='1 ORDER BY filetype' 
[2024-10-25 09:41:36 +08:00Z] [INFO] - SELECT * FROM folders WHERE OWNER ='1' AND state=1 AND ISNULL(parentfolderid) 
[2024-10-25 09:41:36 +08:00Z] [DEBUG] - [status] 200 [msg] 查找成功 
[2024-10-25 09:44:58 +08:00Z] [INFO] - SELECT *  FROM filestates AS fs,files AS fl 
    WHERE fs.editor='1' AND fl.fileid=fs.fileid 
[2024-10-25 09:44:58 +08:00Z] [DEBUG] - [status] 200 [msg] 查找成功 
[2024-10-25 09:44:59 +08:00Z] [INFO] - SELECT *  FROM filestates AS fs,files AS fl 
    WHERE fs.editor='1' AND fl.fileid=fs.fileid 
[2024-10-25 09:44:59 +08:00Z] [DEBUG] - [status] 200 [msg] 查找成功 
[2024-10-25 10:17:57 +08:00Z] [INFO] - SELECT * FROM files WHERE OWNER ='1' AND ISNULL(fileownerfolderid) AND state='1 ORDER BY filetype' 
[2024-10-25 10:17:57 +08:00Z] [INFO] - SELECT * FROM folders WHERE OWNER ='1' AND state=1 AND ISNULL(parentfolderid) 
[2024-10-25 10:17:57 +08:00Z] [DEBUG] - [status] 200 [msg] 查找成功 
[2024-10-25 10:17:58 +08:00Z] [INFO] - SELECT * FROM files WHERE OWNER ='1' AND ISNULL(fileownerfolderid) AND state='1 ORDER BY filetype' 
[2024-10-25 10:17:58 +08:00Z] [INFO] - SELECT * FROM folders WHERE OWNER ='1' AND state=1 AND ISNULL(parentfolderid) 
[2024-10-25 10:17:58 +08:00Z] [DEBUG] - [status] 200 [msg] 查找成功 
[2024-10-25 10:18:00 +08:00Z] [INFO] - yjs 客户端连接 
[2024-10-25 10:18:00 +08:00Z] [INFO] - 用户连接... 
[2024-10-25 10:18:00 +08:00Z] [INFO] - SELECT * FROM files WHERE fileid='25AF8WQa3MAenlLWytEi3' AND OWNER ='1' 
[2024-10-25 10:18:00 +08:00Z] [DEBUG] - [status] 200 [msg] 文件查找成功 
[2024-10-25 10:18:00 +08:00Z] [INFO] - 用户加入房间 25AF8WQa3MAenlLWytEi3 
[2024-10-25 10:18:00 +08:00Z] [INFO] - SELECT versions.content FROM files,versions WHERE files.fileid='25AF8WQa3MAenlLWytEi3' AND files.currenthead=versions.vid 
[2024-10-25 10:18:00 +08:00Z] [DEBUG] - [status] 6003 [msg] 参数缺失 
[2024-10-25 10:18:06 +08:00Z] [WARN] - yjs 用户关闭连接 
[2024-10-25 10:18:06 +08:00Z] [INFO] - SELECT * FROM files WHERE OWNER ='1' AND ISNULL(fileownerfolderid) AND state='1 ORDER BY filetype' 
[2024-10-25 10:18:06 +08:00Z] [INFO] - SELECT * FROM folders WHERE OWNER ='1' AND state=1 AND ISNULL(parentfolderid) 
[2024-10-25 10:18:06 +08:00Z] [DEBUG] - [status] 200 [msg] 查找成功 
[2024-10-25 10:18:08 +08:00Z] [INFO] - SELECT * FROM files WHERE OWNER ='1' AND ISNULL(fileownerfolderid) AND state='1 ORDER BY filetype' 
[2024-10-25 10:18:08 +08:00Z] [INFO] - SELECT * FROM folders WHERE OWNER ='1' AND state=1 AND ISNULL(parentfolderid) 
[2024-10-25 10:18:08 +08:00Z] [DEBUG] - [status] 200 [msg] 查找成功 
[2024-10-25 10:18:09 +08:00Z] [INFO] - SELECT *  FROM filestates AS fs,files AS fl 
    WHERE fs.editor='1' AND fl.fileid=fs.fileid 
[2024-10-25 10:18:09 +08:00Z] [DEBUG] - [status] 200 [msg] 查找成功 
[2024-10-25 10:18:10 +08:00Z] [INFO] - SELECT *  FROM filestates AS fs,files AS fl 
    WHERE fs.editor='1' AND fl.fileid=fs.fileid 
[2024-10-25 10:18:10 +08:00Z] [DEBUG] - [status] 200 [msg] 查找成功 
[2024-10-25 10:18:11 +08:00Z] [INFO] - SELECT * FROM files WHERE OWNER ='1' AND ISNULL(fileownerfolderid) AND state='1 ORDER BY filetype' 
[2024-10-25 10:18:11 +08:00Z] [INFO] - SELECT * FROM folders WHERE OWNER ='1' AND state=1 AND ISNULL(parentfolderid) 
[2024-10-25 10:18:11 +08:00Z] [DEBUG] - [status] 200 [msg] 查找成功 
[2024-10-25 10:38:23 +08:00Z] [INFO] - SELECT * FROM files WHERE OWNER ='1' AND ISNULL(fileownerfolderid) AND state='1 ORDER BY filetype' 
[2024-10-25 10:38:23 +08:00Z] [INFO] - SELECT * FROM folders WHERE OWNER ='1' AND state=1 AND ISNULL(parentfolderid) 
[2024-10-25 10:38:23 +08:00Z] [DEBUG] - [status] 200 [msg] 查找成功 
[2024-10-25 10:38:24 +08:00Z] [INFO] - SELECT *  FROM filestates AS fs,files AS fl 
    WHERE fs.editor='1' AND fl.fileid=fs.fileid 
[2024-10-25 10:38:24 +08:00Z] [DEBUG] - [status] 200 [msg] 查找成功 
[2024-10-25 10:38:25 +08:00Z] [INFO] - SELECT * FROM files WHERE OWNER ='1' AND ISNULL(fileownerfolderid) AND state='1 ORDER BY filetype' 
[2024-10-25 10:38:25 +08:00Z] [INFO] - SELECT * FROM folders WHERE OWNER ='1' AND state=1 AND ISNULL(parentfolderid) 
[2024-10-25 10:38:25 +08:00Z] [DEBUG] - [status] 200 [msg] 查找成功 
[2024-10-25 10:38:26 +08:00Z] [INFO] - yjs 客户端连接 
[2024-10-25 10:38:26 +08:00Z] [INFO] - 用户加入房间 25AF8WQa3MAenlLWytEi3 
[2024-10-25 10:38:26 +08:00Z] [INFO] - SELECT * FROM files WHERE fileid='25AF8WQa3MAenlLWytEi3' AND OWNER ='1' 
[2024-10-25 10:38:26 +08:00Z] [DEBUG] - [status] 200 [msg] 文件查找成功 
[2024-10-25 10:38:26 +08:00Z] [INFO] - SELECT versions.content FROM files,versions WHERE files.fileid='25AF8WQa3MAenlLWytEi3' AND files.currenthead=versions.vid 
[2024-10-25 10:38:26 +08:00Z] [DEBUG] - [status] 6003 [msg] 参数缺失 
[2024-10-25 10:38:36 +08:00Z] [WARN] - yjs 用户关闭连接 
[2024-10-25 10:38:36 +08:00Z] [INFO] - SELECT * FROM files WHERE OWNER ='1' AND ISNULL(fileownerfolderid) AND state='1 ORDER BY filetype' 
[2024-10-25 10:38:36 +08:00Z] [INFO] - SELECT * FROM folders WHERE OWNER ='1' AND state=1 AND ISNULL(parentfolderid) 
[2024-10-25 10:38:36 +08:00Z] [DEBUG] - [status] 200 [msg] 查找成功 
[2024-10-25 10:38:37 +08:00Z] [INFO] - SELECT *  FROM filestates AS fs,files AS fl 
    WHERE fs.editor='1' AND fl.fileid=fs.fileid 
[2024-10-25 10:38:37 +08:00Z] [DEBUG] - [status] 200 [msg] 查找成功 
[2024-10-25 10:38:38 +08:00Z] [INFO] - SELECT *  FROM filestates AS fs,files AS fl 
    WHERE fs.editor='1' AND fl.fileid=fs.fileid 
[2024-10-25 10:38:38 +08:00Z] [DEBUG] - [status] 200 [msg] 查找成功 
[2024-10-25 10:38:39 +08:00Z] [INFO] - SELECT * FROM files WHERE OWNER ='1' AND ISNULL(fileownerfolderid) AND state='1 ORDER BY filetype' 
[2024-10-25 10:38:39 +08:00Z] [INFO] - SELECT * FROM folders WHERE OWNER ='1' AND state=1 AND ISNULL(parentfolderid) 
[2024-10-25 10:38:39 +08:00Z] [DEBUG] - [status] 200 [msg] 查找成功 
[2024-10-25 10:38:40 +08:00Z] [INFO] - 用户加入房间 25AF8WQa3MAenlLWytEi3 
[2024-10-25 10:38:40 +08:00Z] [INFO] - SELECT * FROM files WHERE fileid='25AF8WQa3MAenlLWytEi3' AND OWNER ='1' 
[2024-10-25 10:38:40 +08:00Z] [INFO] - yjs 客户端连接 
[2024-10-25 10:38:40 +08:00Z] [DEBUG] - [status] 200 [msg] 文件查找成功 
[2024-10-25 10:38:41 +08:00Z] [INFO] - SELECT versions.content FROM files,versions WHERE files.fileid='25AF8WQa3MAenlLWytEi3' AND files.currenthead=versions.vid 
[2024-10-25 10:38:41 +08:00Z] [DEBUG] - [status] 6003 [msg] 参数缺失 
[2024-10-25 10:38:49 +08:00Z] [WARN] - yjs 用户关闭连接 
[2024-10-25 10:38:49 +08:00Z] [INFO] - SELECT * FROM files WHERE OWNER ='1' AND ISNULL(fileownerfolderid) AND state='1 ORDER BY filetype' 
[2024-10-25 10:38:49 +08:00Z] [INFO] - SELECT * FROM folders WHERE OWNER ='1' AND state=1 AND ISNULL(parentfolderid) 
[2024-10-25 10:38:49 +08:00Z] [DEBUG] - [status] 200 [msg] 查找成功 
[2024-10-25 10:38:51 +08:00Z] [INFO] - SELECT *  FROM filestates AS fs,files AS fl 
    WHERE fs.editor='1' AND fl.fileid=fs.fileid 
[2024-10-25 10:38:51 +08:00Z] [DEBUG] - [status] 200 [msg] 查找成功 
[2024-10-25 10:38:52 +08:00Z] [INFO] - SELECT *  FROM filestates AS fs,files AS fl 
    WHERE fs.editor='1' AND fl.fileid=fs.fileid 
[2024-10-25 10:38:52 +08:00Z] [DEBUG] - [status] 200 [msg] 查找成功 
[2024-10-25 10:38:52 +08:00Z] [INFO] - SELECT * FROM files WHERE OWNER ='1' AND ISNULL(fileownerfolderid) AND state='1 ORDER BY filetype' 
[2024-10-25 10:38:52 +08:00Z] [INFO] - SELECT * FROM folders WHERE OWNER ='1' AND state=1 AND ISNULL(parentfolderid) 
[2024-10-25 10:38:52 +08:00Z] [DEBUG] - [status] 200 [msg] 查找成功 
